<?xml version="1.0" encoding="UTF-8"?>
<testsuite name="SimpleGenericContainerTest" tests="1" skipped="0" failures="0" errors="0" timestamp="2019-06-30T19:05:08" hostname="Tab01" time="0.006">
  <properties/>
  <testcase name="simpleWebserverTest" classname="SimpleGenericContainerTest" time="0.006"/>
  <system-out><![CDATA[21:05:04.251 [Test worker] DEBUG o.t.u.TestcontainersConfiguration - Testcontainers configuration overrides will be loaded from file:/home/philipp/.testcontainers.properties
21:05:04.257 [Test worker] DEBUG o.t.u.TestcontainersConfiguration - Testcontainers configuration overrides loaded from TestcontainersConfiguration(properties={docker.client.strategy=org.testcontainers.dockerclient.EnvironmentAndSystemPropertyClientProviderStrategy})
21:05:04.287 [Test worker] INFO  o.t.d.DockerClientProviderStrategy - Loaded org.testcontainers.dockerclient.EnvironmentAndSystemPropertyClientProviderStrategy from ~/.testcontainers.properties, will try it first
21:05:04.317 [Test worker] INFO  o.t.d.DockerClientProviderStrategy - Will use 'okhttp' transport
21:05:04.549 [ducttape-0] DEBUG o.t.d.DockerClientProviderStrategy - Pinging docker daemon...
21:05:04.713 [ducttape-0] DEBUG c.g.d.core.command.AbstrDockerCmd - Cmd: org.testcontainers.dockerclient.transport.okhttp.OkHttpDockerCmdExecFactory$1@20e5c3b
21:05:04.836 [Test worker] INFO  o.t.d.EnvironmentAndSystemPropertyClientProviderStrategy - Found docker client settings from environment
21:05:04.851 [Test worker] INFO  o.t.d.DockerClientProviderStrategy - Found Docker environment with Environment variables, system properties and defaults. Resolved: 
    dockerHost=unix:///var/run/docker.sock
    apiVersion='{UNKNOWN_VERSION}'
    registryUrl='https://index.docker.io/v1/'
    registryUsername='philipp'
    registryPassword='null'
    registryEmail='null'
    dockerConfig='DefaultDockerClientConfig[dockerHost=unix:///var/run/docker.sock,registryUsername=philipp,registryPassword=<null>,registryEmail=<null>,registryUrl=https://index.docker.io/v1/,dockerConfigPath=/home/philipp/.docker,sslConfig=<null>,apiVersion={UNKNOWN_VERSION},dockerConfig=<null>]'

21:05:04.857 [Test worker] INFO  o.testcontainers.DockerClientFactory - Docker host IP address is localhost
21:05:04.860 [Test worker] DEBUG c.g.d.core.command.AbstrDockerCmd - Cmd: com.github.dockerjava.core.exec.InfoCmdExec@7e485022
21:05:05.032 [Test worker] DEBUG c.g.d.core.command.AbstrDockerCmd - Cmd: com.github.dockerjava.core.exec.VersionCmdExec@2bfb8880
21:05:05.037 [Test worker] INFO  o.testcontainers.DockerClientFactory - Connected to docker: 
  Server Version: 18.09.5
  API Version: 1.39
  Operating System: Ubuntu 18.04.2 LTS
  Total Memory: 7889 MB
21:05:05.040 [Test worker] DEBUG c.g.d.core.command.AbstrDockerCmd - Cmd: ListImagesCmdImpl[imageNameFilter=quay.io/testcontainers/ryuk:0.2.3,showAll=false,filters=com.github.dockerjava.core.util.FiltersBuilder@0,execution=com.github.dockerjava.core.exec.ListImagesCmdExec@65d8343a]
21:05:05.057 [Test worker] DEBUG o.t.utility.RegistryAuthLocator - Looking up auth config for image: quay.io/testcontainers/ryuk:0.2.3
21:05:05.057 [Test worker] DEBUG o.t.utility.RegistryAuthLocator - RegistryAuthLocator has configFile: /home/philipp/.docker/config.json (does not exist) and commandPathPrefix: 
21:05:05.057 [Test worker] WARN  o.t.utility.RegistryAuthLocator - Failure when attempting to lookup auth config (dockerImageName: quay.io/testcontainers/ryuk:0.2.3, configFile: /home/philipp/.docker/config.json. Falling back to docker-java default behaviour. Exception message: /home/philipp/.docker/config.json (Datei oder Verzeichnis nicht gefunden)
21:05:05.058 [Test worker] DEBUG o.t.d.a.AuthDelegatingDockerClientConfig - Effective auth config [null]
21:05:05.081 [Test worker] DEBUG c.g.d.core.command.AbstrDockerCmd - Cmd: com.github.dockerjava.core.command.CreateContainerCmdImpl@5b095fb[name=testcontainers-ryuk-9ec7b994-03fe-45c0-a15b-17845841a62f,hostName=<null>,domainName=<null>,user=<null>,attachStdin=<null>,attachStdout=<null>,attachStderr=<null>,portSpecs=<null>,tty=<null>,stdinOpen=<null>,stdInOnce=<null>,env=<null>,cmd=<null>,entrypoint=<null>,image=quay.io/testcontainers/ryuk:0.2.3,volumes=com.github.dockerjava.api.model.Volumes@9f443c7,workingDir=<null>,macAddress=<null>,networkDisabled=<null>,exposedPorts=com.github.dockerjava.api.model.ExposedPorts@86a004f,stopSignal=<null>,hostConfig=com.github.dockerjava.api.model.HostConfig@52888511[binds=com.github.dockerjava.api.model.Binds@1edb4933,blkioWeight=<null>,blkioWeightDevice=<null>,blkioDeviceReadBps=<null>,blkioDeviceReadIOps=<null>,blkioDeviceWriteBps=<null>,blkioDeviceWriteIOps=<null>,memorySwappiness=<null>,capAdd=<null>,capDrop=<null>,containerIDFile=<null>,cpuPeriod=<null>,cpuShares=<null>,cpuQuota=<null>,cpusetCpus=<null>,cpusetMems=<null>,devices=<null>,diskQuota=<null>,dns=<null>,dnsSearch=<null>,extraHosts=<null>,links=<null>,logConfig=<null>,lxcConf=<null>,memory=<null>,memorySwap=<null>,memoryReservation=<null>,kernelMemory=<null>,networkMode=<null>,oomKillDisable=<null>,autoRemove=true,oomScoreAdj=<null>,portBindings=<null>,privileged=false,publishAllPorts=true,readonlyRootfs=<null>,restartPolicy=<null>,ulimits=<null>,volumesFrom=<null>,pidMode=<null>,securityOpts=<null>,cgroupParent=<null>,volumeDriver=<null>,shmSize=<null>,pidsLimit=<null>,runtime=<null>,tmpFs=<null>],labels={org.testcontainers=true},networkingConfig=<null>,ipv4Address=<null>,ipv6Address=<null>,aliases=<null>,authConfig=<null>,execution=com.github.dockerjava.core.exec.CreateContainerCmdExec@8edf7f4]
21:05:05.521 [Test worker] DEBUG c.g.d.core.command.AbstrDockerCmd - Cmd: 239d22e08ee3d22e3b7d6ec01d2d844784d6e58ab27c621fad8673cbaaac2cd0,com.github.dockerjava.core.exec.StartContainerCmdExec@7663e7ae
21:05:06.216 [Test worker] DEBUG c.g.d.core.command.AbstrDockerCmd - Cmd: 239d22e08ee3d22e3b7d6ec01d2d844784d6e58ab27c621fad8673cbaaac2cd0,false,com.github.dockerjava.core.exec.InspectContainerCmdExec@70e85c8c
21:05:06.216 [Test worker] DEBUG c.g.d.c.exec.InspectContainerCmdExec - GET: OkHttpWebTarget(okHttpClient=org.testcontainers.shaded.okhttp3.OkHttpClient@5f6b4c8a, baseUrl=http://docker.socket/, path=[/containers/239d22e08ee3d22e3b7d6ec01d2d844784d6e58ab27c621fad8673cbaaac2cd0/json], queryParams={})
21:05:06.269 [testcontainers-ryuk] DEBUG o.t.utility.ResourceReaper - Sending 'label=org.testcontainers%3Dtrue&label=org.testcontainers.sessionId%3D9ec7b994-03fe-45c0-a15b-17845841a62f' to Ryuk
21:05:06.270 [testcontainers-ryuk] DEBUG o.t.utility.ResourceReaper - Received 'ACK' from Ryuk
21:05:06.270 [Test worker] INFO  o.testcontainers.DockerClientFactory - Ryuk started - will monitor and terminate Testcontainers containers on JVM exit
        ℹ︎ Checking the system...
        ✔ Docker version should be at least 1.6.0
21:05:06.279 [Test worker] DEBUG c.g.d.core.command.AbstrDockerCmd - Cmd: 239d22e08ee3d22e3b7d6ec01d2d844784d6e58ab27c621fad8673cbaaac2cd0,<null>,true,<null>,<null>,<null>,<null>,{df,-P},com.github.dockerjava.core.exec.ExecCreateCmdExec@4436e4f7
21:05:06.539 [tc-okhttp-stream-1252037256] DEBUG c.g.d.c.c.ExecStartResultCallback - STDOUT: Filesystem           1024-blocks    Used Available Capacity Mounted on
overlay               30111608  20021852   8537116  70% /
tmpfs                    65536         0     65536   0% /dev
tmpfs                  4039312         0   4039312   0% /sys/fs/cgroup
/dev/sda7             30111608  20021852   8537116  70% /etc/resolv.conf
/dev/sda7             30111608  20021852   8537116  70% /etc/hostname
/dev/sda7             30111608  20021852   8537116  70% /etc/hosts
shm                      65536         0     65536   0% /dev/shm
tmpfs                   807864      2044    805820   0% /run/docker.sock
tmpfs                  4039312         0   4039312   0% /proc/asound
tmpfs                  4039312         0   4039312   0% /proc/acpi
tmpfs                    65536         0     65536   0% /proc/kcore
tmpfs                    65536         0     65536   0% /proc/keys
tmpfs                    65536         0     65536   0% /proc/timer_list
tmpfs                    65536         0     65536   0% /proc/sched_debug
tmpfs                  4039312         0   4039312   0% /proc/scsi
tmpfs                  4039312         0   4039312   0% /sys/firmware
        ✔ Docker environment should have more than 2GB free disk space
21:05:06.567 [Test worker] DEBUG c.g.d.core.command.AbstrDockerCmd - Cmd: ListImagesCmdImpl[imageNameFilter=<null>,showAll=false,filters=com.github.dockerjava.core.util.FiltersBuilder@0,execution=com.github.dockerjava.core.exec.ListImagesCmdExec@6b10d3fd]
21:05:06.578 [Test worker] DEBUG ?? [alpine:3.10.0] - Starting container: alpine:3.10.0
21:05:06.579 [Test worker] DEBUG ?? [alpine:3.10.0] - Trying to start container: alpine:3.10.0
21:05:06.579 [Test worker] DEBUG ?? [alpine:3.10.0] - Trying to start container: alpine:3.10.0 (attempt 1/1)
21:05:06.580 [Test worker] DEBUG ?? [alpine:3.10.0] - Starting container: alpine:3.10.0
21:05:06.580 [Test worker] INFO  ?? [alpine:3.10.0] - Creating container for image: alpine:3.10.0
21:05:06.580 [Test worker] DEBUG o.t.utility.RegistryAuthLocator - Looking up auth config for image: alpine:3.10.0
21:05:06.580 [Test worker] DEBUG o.t.utility.RegistryAuthLocator - RegistryAuthLocator has configFile: /home/philipp/.docker/config.json (does not exist) and commandPathPrefix: 
21:05:06.580 [Test worker] WARN  o.t.utility.RegistryAuthLocator - Failure when attempting to lookup auth config (dockerImageName: alpine:3.10.0, configFile: /home/philipp/.docker/config.json. Falling back to docker-java default behaviour. Exception message: /home/philipp/.docker/config.json (Datei oder Verzeichnis nicht gefunden)
21:05:06.581 [Test worker] DEBUG o.t.d.a.AuthDelegatingDockerClientConfig - Effective auth config [null]
21:05:06.589 [Test worker] DEBUG c.g.d.core.command.AbstrDockerCmd - Cmd: com.github.dockerjava.core.command.CreateContainerCmdImpl@ca56ef1[name=<null>,hostName=<null>,domainName=<null>,user=<null>,attachStdin=<null>,attachStdout=<null>,attachStderr=<null>,portSpecs=<null>,tty=<null>,stdinOpen=<null>,stdInOnce=<null>,env={},cmd={/bin/sh,-c,while true; do echo "HTTP/1.1 200 OK

Hello Testcontainer!" | nc -l -p 80; done},entrypoint=<null>,image=alpine:3.10.0,volumes=com.github.dockerjava.api.model.Volumes@3af1a57,workingDir=<null>,macAddress=<null>,networkDisabled=<null>,exposedPorts=com.github.dockerjava.api.model.ExposedPorts@128bcf4e,stopSignal=<null>,hostConfig=com.github.dockerjava.api.model.HostConfig@40af1aa3[binds=com.github.dockerjava.api.model.Binds@675a36a1,blkioWeight=<null>,blkioWeightDevice=<null>,blkioDeviceReadBps=<null>,blkioDeviceReadIOps=<null>,blkioDeviceWriteBps=<null>,blkioDeviceWriteIOps=<null>,memorySwappiness=<null>,capAdd=<null>,capDrop=<null>,containerIDFile=<null>,cpuPeriod=<null>,cpuShares=<null>,cpuQuota=<null>,cpusetCpus=<null>,cpusetMems=<null>,devices=<null>,diskQuota=<null>,dns=<null>,dnsSearch=<null>,extraHosts={},links=com.github.dockerjava.api.model.Links@1c5cf5bf,logConfig=<null>,lxcConf=<null>,memory=<null>,memorySwap=<null>,memoryReservation=<null>,kernelMemory=<null>,networkMode=<null>,oomKillDisable=<null>,autoRemove=<null>,oomScoreAdj=<null>,portBindings={},privileged=<null>,publishAllPorts=true,readonlyRootfs=<null>,restartPolicy=<null>,ulimits=<null>,volumesFrom={},pidMode=<null>,securityOpts=<null>,cgroupParent=<null>,volumeDriver=<null>,shmSize=<null>,pidsLimit=<null>,runtime=<null>,tmpFs=<null>],labels={org.testcontainers=true, org.testcontainers.sessionId=9ec7b994-03fe-45c0-a15b-17845841a62f},networkingConfig=<null>,ipv4Address=<null>,ipv6Address=<null>,aliases=<null>,authConfig=<null>,execution=com.github.dockerjava.core.exec.CreateContainerCmdExec@6823ca78]
21:05:07.052 [Test worker] INFO  ?? [alpine:3.10.0] - Starting container with ID: bad22ce64e8cd871e528d7d060db9b8c88022182de554518fa4d111fcf5e6e56
21:05:07.052 [Test worker] DEBUG c.g.d.core.command.AbstrDockerCmd - Cmd: bad22ce64e8cd871e528d7d060db9b8c88022182de554518fa4d111fcf5e6e56,com.github.dockerjava.core.exec.StartContainerCmdExec@76bc7b64
21:05:07.767 [Test worker] INFO  ?? [alpine:3.10.0] - Container alpine:3.10.0 is starting: bad22ce64e8cd871e528d7d060db9b8c88022182de554518fa4d111fcf5e6e56
21:05:07.770 [Test worker] DEBUG c.g.d.core.command.AbstrDockerCmd - Cmd: bad22ce64e8cd871e528d7d060db9b8c88022182de554518fa4d111fcf5e6e56,false,com.github.dockerjava.core.exec.InspectContainerCmdExec@7f330900
21:05:07.771 [Test worker] DEBUG c.g.d.c.exec.InspectContainerCmdExec - GET: OkHttpWebTarget(okHttpClient=org.testcontainers.shaded.okhttp3.OkHttpClient@5f6b4c8a, baseUrl=http://docker.socket/, path=[/containers/bad22ce64e8cd871e528d7d060db9b8c88022182de554518fa4d111fcf5e6e56/json], queryParams={})
21:05:07.777 [ducttape-0] DEBUG c.g.d.core.command.AbstrDockerCmd - Cmd: bad22ce64e8cd871e528d7d060db9b8c88022182de554518fa4d111fcf5e6e56,false,com.github.dockerjava.core.exec.InspectContainerCmdExec@3da5f7e0
21:05:07.777 [ducttape-0] DEBUG c.g.d.c.exec.InspectContainerCmdExec - GET: OkHttpWebTarget(okHttpClient=org.testcontainers.shaded.okhttp3.OkHttpClient@5f6b4c8a, baseUrl=http://docker.socket/, path=[/containers/bad22ce64e8cd871e528d7d060db9b8c88022182de554518fa4d111fcf5e6e56/json], queryParams={})
21:05:07.790 [ducttape-0] DEBUG o.t.c.ExecInContainerPattern - /happy_hofstadter: Running "exec" command: /bin/sh -c cat /proc/net/tcp{,6} | awk '{print $2}' | grep -i :50
21:05:07.790 [ducttape-0] DEBUG c.g.d.core.command.AbstrDockerCmd - Cmd: bad22ce64e8cd871e528d7d060db9b8c88022182de554518fa4d111fcf5e6e56,<null>,true,true,<null>,<null>,<null>,{/bin/sh,-c,cat /proc/net/tcp{,6} | awk '{print $2}' | grep -i :50},com.github.dockerjava.core.exec.ExecCreateCmdExec@c79f592
21:05:08.035 [ducttape-0] DEBUG c.g.d.core.command.AbstrDockerCmd - Cmd: 95988842bd04719dba2bbe0d45a9c45af8b5e593363f4aa2fae5cad4f664d524,com.github.dockerjava.core.exec.InspectExecCmdExec@4a1e7bf3
21:05:08.035 [ducttape-0] DEBUG c.g.d.core.exec.InspectExecCmdExec - GET: OkHttpWebTarget(okHttpClient=org.testcontainers.shaded.okhttp3.OkHttpClient@5f6b4c8a, baseUrl=http://docker.socket/, path=[/exec/95988842bd04719dba2bbe0d45a9c45af8b5e593363f4aa2fae5cad4f664d524/json], queryParams={})
21:05:08.044 [ducttape-0] DEBUG o.t.c.ExecInContainerPattern - /happy_hofstadter: Running "exec" command: /bin/sh -c nc -vz -w 1 localhost 80
21:05:08.044 [ducttape-0] DEBUG c.g.d.core.command.AbstrDockerCmd - Cmd: bad22ce64e8cd871e528d7d060db9b8c88022182de554518fa4d111fcf5e6e56,<null>,true,true,<null>,<null>,<null>,{/bin/sh,-c,nc -vz -w 1 localhost 80},com.github.dockerjava.core.exec.ExecCreateCmdExec@4b47eedc
21:05:08.303 [ducttape-0] DEBUG c.g.d.core.command.AbstrDockerCmd - Cmd: dbaf8f6ce0c75da0991a8cabb5fdf441eaa39eb0e492354a348a8aa46939d683,com.github.dockerjava.core.exec.InspectExecCmdExec@584390e3
21:05:08.305 [ducttape-0] DEBUG c.g.d.core.exec.InspectExecCmdExec - GET: OkHttpWebTarget(okHttpClient=org.testcontainers.shaded.okhttp3.OkHttpClient@5f6b4c8a, baseUrl=http://docker.socket/, path=[/exec/dbaf8f6ce0c75da0991a8cabb5fdf441eaa39eb0e492354a348a8aa46939d683/json], queryParams={})
21:05:08.308 [Test worker] INFO  ?? [alpine:3.10.0] - Container alpine:3.10.0 started
21:05:08.318 [Test worker] DEBUG c.g.d.core.command.AbstrDockerCmd - Cmd: bad22ce64e8cd871e528d7d060db9b8c88022182de554518fa4d111fcf5e6e56,false,com.github.dockerjava.core.exec.InspectContainerCmdExec@424adf33
21:05:08.318 [Test worker] DEBUG c.g.d.c.exec.InspectContainerCmdExec - GET: OkHttpWebTarget(okHttpClient=org.testcontainers.shaded.okhttp3.OkHttpClient@5f6b4c8a, baseUrl=http://docker.socket/, path=[/containers/bad22ce64e8cd871e528d7d060db9b8c88022182de554518fa4d111fcf5e6e56/json], queryParams={})
21:05:08.320 [tc-okhttp-stream-1598109608] INFO  SimpleGenericContainerTest - STDOUT: GET / HTTP/1.1
21:05:08.321 [tc-okhttp-stream-1598109608] INFO  SimpleGenericContainerTest - STDOUT: User-Agent: Java/11.0.3
21:05:08.321 [tc-okhttp-stream-1598109608] INFO  SimpleGenericContainerTest - STDOUT: Host: localhost:32861
21:05:08.321 [tc-okhttp-stream-1598109608] INFO  SimpleGenericContainerTest - STDOUT: Accept: text/html, image/gif, image/jpeg, *; q=.2, */*; q=.2
21:05:08.321 [tc-okhttp-stream-1598109608] INFO  SimpleGenericContainerTest - STDOUT: Connection: keep-alive
21:05:08.322 [tc-okhttp-stream-1598109608] INFO  SimpleGenericContainerTest - STDOUT: 
21:05:08.324 [Test worker] DEBUG c.g.d.core.command.AbstrDockerCmd - Cmd: bad22ce64e8cd871e528d7d060db9b8c88022182de554518fa4d111fcf5e6e56,<null>,com.github.dockerjava.core.exec.KillContainerCmdExec@2ff76e4c
21:05:09.000 [Test worker] DEBUG c.g.d.core.command.AbstrDockerCmd - Cmd: bad22ce64e8cd871e528d7d060db9b8c88022182de554518fa4d111fcf5e6e56,false,com.github.dockerjava.core.exec.InspectContainerCmdExec@7b86c0e
21:05:09.001 [Test worker] DEBUG c.g.d.c.exec.InspectContainerCmdExec - GET: OkHttpWebTarget(okHttpClient=org.testcontainers.shaded.okhttp3.OkHttpClient@5f6b4c8a, baseUrl=http://docker.socket/, path=[/containers/bad22ce64e8cd871e528d7d060db9b8c88022182de554518fa4d111fcf5e6e56/json], queryParams={})
21:05:09.021 [Test worker] DEBUG c.g.d.core.command.AbstrDockerCmd - Cmd: bad22ce64e8cd871e528d7d060db9b8c88022182de554518fa4d111fcf5e6e56,true,true,com.github.dockerjava.core.exec.RemoveContainerCmdExec@9dda7b4
21:05:09.063 [Test worker] DEBUG o.t.utility.ResourceReaper - Removed container and associated volume(s): alpine:3.10.0
]]></system-out>
  <system-err><![CDATA[]]></system-err>
</testsuite>
